Build started 2013-05-30 16:12:06.
     1>Project "C:\Users\Darek\Documents\Visual Studio 2010\Projects\lambda\lambda\projectmanager.vcxproj" on node 2 (build target(s)).
     1>InitializeBuildStatus:
         Touching "Debug\projectmanager.unsuccessfulbuild".
       ClCompile:
         All outputs are up-to-date.
         C:\Program Files (x86)\Microsoft Visual Studio 10.0\VC\bin\CL.exe /c /I"C:\Users\Darek\Documents\Visual Studio 2010\Projects\json-cpp-master\include\json" /IC:\Python27\DLLs /IC:\Python27\include /IC:\Python27\Lib /IC:\Python27\libs /IC:\boost_1_47_0\boost_1_47_0 /IC:\boost_1_47_0\boost_1_47_0\libs /IC:\boost_1_47_0\boost_1_47_0\lib /Zi /nologo /W3 /WX- /Od /Oy- /D WIN32 /D _DEBUG /D _WINDOWS /Gm /EHsc /RTC1 /MDd /GS /fp:precise /Zc:wchar_t /Zc:forScope /Fo"Debug\\" /Fd"Debug\vc100.pdb" /Gd /TP /analyze- /errorReport:prompt lambda.cpp
         lambda.cpp
       ManifestResourceCompile:
         All outputs are up-to-date.
       Link:
         C:\Program Files (x86)\Microsoft Visual Studio 10.0\VC\bin\link.exe /ERRORREPORT:PROMPT /OUT:"C:\Users\Darek\Documents\Visual Studio 2010\Projects\lambda\lambda\Debug\projectmanager.exe" /INCREMENTAL /NOLOGO /LIBPATH:C:\Python27\DLLs /LIBPATH:C:\Python27\Lib /LIBPATH:C:\Python27\libs /LIBPATH:C:\boost_1_47_0\boost_1_47_0 /LIBPATH:C:\boost_1_47_0\boost_1_47_0\libs /LIBPATH:C:\boost_1_47_0\boost_1_47_0\lib kernel32.lib user32.lib gdi32.lib winspool.lib comdlg32.lib advapi32.lib shell32.lib ole32.lib oleaut32.lib uuid.lib odbc32.lib odbccp32.lib /MANIFEST /ManifestFile:"Debug\projectmanager.exe.intermediate.manifest" /MANIFESTUAC:"level='asInvoker' uiAccess='false'" /DEBUG /PDB:"C:\Users\Darek\Documents\Visual Studio 2010\Projects\lambda\lambda\Debug\projectmanager.pdb" /SUBSYSTEM:WINDOWS /TLBID:1 /DYNAMICBASE /NXCOMPAT /IMPLIB:"C:\Users\Darek\Documents\Visual Studio 2010\Projects\lambda\lambda\Debug\projectmanager.lib" /MACHINE:X86 Debug\projectmanager.exe.embed.manifest.res
         Debug\frontend.obj
         Debug\item.obj
         Debug\itemfactory.obj
         Debug\jsonreader.obj
         Debug\lambda.obj
         Debug\method.obj
         Debug\methodfactory.obj
         Debug\pythonadapter.obj
         Debug\remoteappmanager.obj
         Debug\scriptmanager.obj
         "C:\Users\Darek\Documents\Visual Studio 2010\Projects\json-cpp-master\build\vs71\debug\lib_json\json_vc71_libmtd.lib"
     1>LINK : fatal error LNK1123: failure during conversion to COFF: file invalid or corrupt
     1>Done Building Project "C:\Users\Darek\Documents\Visual Studio 2010\Projects\lambda\lambda\projectmanager.vcxproj" (build target(s)) -- FAILED.

Build FAILED.

Time Elapsed 00:00:05.14
